<?xml version="1.0" encoding="UTF-8"?>
<!-- Generated by org.testng.reporters.JUnitXMLReporter -->
<testsuite ignored="0" hostname="LAPTOP-B2HRNTV6" failures="0" tests="2" name="Add To Cart Tests" time="50.072" errors="0" timestamp="2026-06-27T15:03:43 IST">
  <testcase classname="tests.AddToCartTest" name="validateUserCanAddProductToCartAndIncreaseQuantityToTwo" time="19.919"/>
  <testcase classname="tests.AddToCartTest" name="validateUserCanRemoveAnAddedProductFromCart" time="24.446"/>
</testsuite> <!-- Add To Cart Tests -->
