<?xml version="1.0" encoding="UTF-8"?>
<!-- Generated by org.testng.reporters.JUnitXMLReporter -->
<testsuite ignored="0" hostname="LAPTOP-B2HRNTV6" failures="0" tests="2" name="Add To Cart Tests" time="58.076" errors="0" timestamp="2026-06-27T16:48:13 IST">
  <testcase classname="tests.AddToCartTest" name="validateUserCanAddProductToCartAndIncreaseQuantityToTwo" time="24.039"/>
  <testcase classname="tests.AddToCartTest" name="validateUserCanRemoveAnAddedProductFromCart" time="27.694"/>
</testsuite> <!-- Add To Cart Tests -->
