<?xml version="1.0" encoding="UTF-8"?>
<!-- Generated by org.testng.reporters.JUnitXMLReporter -->
<testsuite ignored="0" hostname="LAPTOP-B2HRNTV6" failures="0" tests="3" name="Checkout Tests" time="81.492" errors="0" timestamp="2026-06-27T15:05:04 IST">
  <testcase classname="tests.CheckoutTest" name="validateCheckoutInitiationWithSuccessfulPaymentFlow" time="33.522"/>
  <testcase classname="tests.CheckoutTest" name="validateCheckoutRejectsInvalidPhoneNumber" time="24.971"/>
  <testcase classname="tests.CheckoutTest" name="validateCheckoutShowsMandatoryFieldErrors" time="16.412"/>
</testsuite> <!-- Checkout Tests -->
