<?xml version="1.0" encoding="UTF-8"?>
<!-- Generated by org.testng.reporters.JUnitXMLReporter -->
<testsuite ignored="0" hostname="LAPTOP-B2HRNTV6" failures="0" tests="3" name="Checkout Tests" time="82.557" errors="0" timestamp="2026-06-27T16:49:36 IST">
  <testcase classname="tests.CheckoutTest" name="validateCheckoutInitiationWithSuccessfulPaymentFlow" time="29.825"/>
  <testcase classname="tests.CheckoutTest" name="validateCheckoutRejectsInvalidPhoneNumber" time="21.995"/>
  <testcase classname="tests.CheckoutTest" name="validateCheckoutShowsMandatoryFieldErrors" time="21.401"/>
</testsuite> <!-- Checkout Tests -->
