<?xml version="1.0" encoding="UTF-8"?>
<!-- Generated by org.testng.reporters.JUnitXMLReporter -->
<testsuite ignored="0" hostname="LAPTOP-B2HRNTV6" failures="0" tests="4" name="Login Tests" time="45.849" errors="0" timestamp="2026-06-27T15:00:31 IST">
  <testcase classname="tests.LoginTest" name="automateLogoutFlow" time="14.361"/>
  <testcase classname="tests.LoginTest" name="loginWithInvalidCredentials" time="9.503"/>
  <testcase classname="tests.LoginTest" name="loginWithValidCredentials" time="8.724"/>
  <testcase classname="tests.LoginTest" name="validateLoginErrorMessages" time="2.739"/>
</testsuite> <!-- Login Tests -->
