<?xml version="1.0" encoding="UTF-8"?>
<!-- Generated by org.testng.reporters.JUnitXMLReporter -->
<testsuite ignored="0" hostname="LAPTOP-B2HRNTV6" failures="0" tests="4" name="Login Tests" time="52.259" errors="0" timestamp="2026-06-27T16:44:47 IST">
  <testcase classname="tests.LoginTest" name="automateLogoutFlow" time="17.171"/>
  <testcase classname="tests.LoginTest" name="loginWithInvalidCredentials" time="11.086"/>
  <testcase classname="tests.LoginTest" name="loginWithValidCredentials" time="9.524"/>
  <testcase classname="tests.LoginTest" name="validateLoginErrorMessages" time="3.278"/>
</testsuite> <!-- Login Tests -->
