<?xml version="1.0" encoding="UTF-8"?>
<!-- Generated by org.testng.reporters.JUnitXMLReporter -->
<testsuite ignored="0" hostname="LAPTOP-B2HRNTV6" failures="0" tests="6" name="Navigation Tests" time="31.378" errors="0" timestamp="2026-06-07T18:12:51 IST">
  <testcase classname="tests.NavigationTest" name="navigateBackAndForward" time="4.427"/>
  <testcase classname="tests.NavigationTest" name="navigateToLoginPage" time="2.492"/>
  <testcase classname="tests.NavigationTest" name="navigateToRegisterPage" time="2.368"/>
  <testcase classname="tests.NavigationTest" name="openHomePage" time="1.732"/>
  <testcase classname="tests.NavigationTest" name="verifyCurrentUrl" time="1.342"/>
  <testcase classname="tests.NavigationTest" name="verifyPageTitle" time="1.294"/>
</testsuite> <!-- Navigation Tests -->
