<?xml version="1.0" encoding="UTF-8"?>
<!-- Generated by org.testng.reporters.JUnitXMLReporter -->
<testsuite ignored="0" hostname="LAPTOP-B2HRNTV6" failures="0" tests="6" name="Navigation Tests" time="45.943" errors="0" timestamp="2026-06-27T16:42:43 IST">
  <testcase classname="tests.NavigationTest" name="openHomePage" time="2.622"/>
  <testcase classname="tests.NavigationTest" name="verifyPageTitle" time="1.866"/>
  <testcase classname="tests.NavigationTest" name="verifyCurrentUrl" time="2.303"/>
  <testcase classname="tests.NavigationTest" name="navigateToLoginPage" time="2.737"/>
  <testcase classname="tests.NavigationTest" name="navigateToRegisterPage" time="5.527"/>
  <testcase classname="tests.NavigationTest" name="navigateBackAndForward" time="5.681"/>
</testsuite> <!-- Navigation Tests -->
