<?xml version="1.0" encoding="UTF-8"?>
<!-- Generated by org.testng.reporters.JUnitXMLReporter -->
<testsuite ignored="0" hostname="LAPTOP-B2HRNTV6" failures="0" tests="4" name="Product Search Filter Tests" time="48.444" errors="0" timestamp="2026-06-27T16:47:15 IST">
  <testcase classname="tests.ProductSearchFilterTest" name="validateAdminCanFilterProductsThroughCategoryAfterLogin" time="8.999"/>
  <testcase classname="tests.ProductSearchFilterTest" name="validateAdminCanFindProductThroughNameAfterLogin" time="8.525"/>
  <testcase classname="tests.ProductSearchFilterTest" name="validateUserCanFilterProductsThroughCategoryAfterLogin" time="8.512"/>
  <testcase classname="tests.ProductSearchFilterTest" name="validateUserCanFindProductThroughNameAfterLogin" time="10.628"/>
</testsuite> <!-- Product Search Filter Tests -->
