<?xml version="1.0" encoding="UTF-8"?>
<!-- Generated by org.testng.reporters.JUnitXMLReporter -->
<testsuite ignored="0" hostname="LAPTOP-B2HRNTV6" failures="0" tests="5" name="Product Listing Tests" time="51.316" errors="0" timestamp="2026-06-27T15:01:58 IST">
  <testcase classname="tests.ProductListingTest" name="validateAdminCanViewProductListing" time="8.272"/>
  <testcase classname="tests.ProductListingTest" name="validateUserCanOpenProductCardFromListing" time="8.85"/>
  <testcase classname="tests.ProductListingTest" name="validateUserCanOpenProductsCatalogAnchor" time="6.494"/>
  <testcase classname="tests.ProductListingTest" name="validateUserCanOpenProductsCategoryAnchor" time="6.374"/>
  <testcase classname="tests.ProductListingTest" name="validateUserCanViewProductListing" time="7.575"/>
</testsuite> <!-- Product Listing Tests -->
