<?xml version="1.0" encoding="UTF-8"?>
<!-- Generated by org.testng.reporters.JUnitXMLReporter -->
<testsuite ignored="0" hostname="LAPTOP-B2HRNTV6" failures="0" tests="2" name="Product Search Filter Tests" time="38.56" errors="0" timestamp="2026-06-29T18:26:48 IST">
  <testcase classname="tests.ProductSearchFilterTest" name="validateUserCanFilterProductsThroughCategoryAfterLogin" time="14.333"/>
  <testcase classname="tests.ProductSearchFilterTest" name="validateUserCanFindProductThroughNameAfterLogin" time="15.493"/>
</testsuite> <!-- Product Search Filter Tests -->
