<?xml version="1.0" encoding="UTF-8"?>
<!-- Generated by org.testng.reporters.JUnitXMLReporter -->
<testsuite ignored="0" hostname="LAPTOP-B2HRNTV6" failures="0" tests="3" name="Product Listing Tests" time="39.101" errors="0" timestamp="2026-06-12T18:46:48 IST">
  <testcase classname="tests.ProductListingTest" name="validateAdminCanViewProductListing" time="10.429"/>
  <testcase classname="tests.ProductListingTest" name="validateUserCanOpenProductCardFromListing" time="10.595"/>
  <testcase classname="tests.ProductListingTest" name="validateUserCanViewProductListing" time="9.763"/>
</testsuite> <!-- Product Listing Tests -->
