<?xml version="1.0" encoding="UTF-8"?>
<!-- Generated by org.testng.reporters.JUnitXMLReporter -->
<testsuite ignored="0" hostname="LAPTOP-B2HRNTV6" failures="0" tests="6" name="Registration Tests" time="86.313" errors="0" timestamp="2026-06-10T18:25:49 IST">
  <testcase classname="tests.RegisterTest" name="automateUserRegistrationFlow" time="33.669"/>
  <testcase classname="tests.RegisterTest" name="validateConfirmPasswordMismatch" time="5.93"/>
  <testcase classname="tests.RegisterTest" name="validateEmptyEmail" time="5.906"/>
  <testcase classname="tests.RegisterTest" name="validateEmptyName" time="6.052"/>
  <testcase classname="tests.RegisterTest" name="validateEmptyPassword" time="6.135"/>
  <testcase classname="tests.RegisterTest" name="validateInvalidEmail" time="7.924"/>
</testsuite> <!-- Registration Tests -->
