<?xml version="1.0" encoding="UTF-8"?>
<!-- Generated by org.testng.reporters.JUnitXMLReporter -->
<testsuite ignored="0" hostname="LAPTOP-B2HRNTV6" failures="0" tests="2" name="Registration Tests" time="48.013" errors="0" timestamp="2026-06-29T18:25:00 IST">
  <testcase classname="tests.RegisterTest" name="automateUserRegistrationFlow" time="23.917"/>
  <testcase classname="tests.RegisterTest" name="validateRegistrationRejectsEmptyRequiredFields" time="6.5"/>
</testsuite> <!-- Registration Tests -->
