<?xml version="1.0" encoding="UTF-8"?>
<!-- Generated by org.testng.reporters.JUnitXMLReporter -->
<testsuite ignored="0" hostname="LAPTOP-B2HRNTV6" failures="0" tests="3" name="Session Handling Tests" time="36.919" errors="0" timestamp="2026-06-27T16:45:24 IST">
  <testcase classname="tests.SessionHandlingTest" name="validateProtectedRouteRedirectsWhenSessionMissing" time="3.319"/>
  <testcase classname="tests.SessionHandlingTest" name="validateSessionClearedAfterLogout" time="15.107"/>
  <testcase classname="tests.SessionHandlingTest" name="validateSessionCreatedAfterLogin" time="7.49"/>
</testsuite> <!-- Session Handling Tests -->
