<?xml version="1.0" encoding="UTF-8"?>
<!-- Generated by org.testng.reporters.JUnitXMLReporter -->
<testsuite ignored="0" hostname="LAPTOP-B2HRNTV6" failures="0" tests="3" name="Session Handling Tests" time="35.21" errors="0" timestamp="2026-06-27T15:01:07 IST">
  <testcase classname="tests.SessionHandlingTest" name="validateProtectedRouteRedirectsWhenSessionMissing" time="2.867"/>
  <testcase classname="tests.SessionHandlingTest" name="validateSessionClearedAfterLogout" time="16.876"/>
  <testcase classname="tests.SessionHandlingTest" name="validateSessionCreatedAfterLogin" time="7.131"/>
</testsuite> <!-- Session Handling Tests -->
