<?xml version="1.0" encoding="UTF-8"?>
<!-- Generated by org.testng.reporters.JUnitReportReporter -->
<testsuite hostname="LAPTOP-B2HRNTV6" failures="0" tests="6" name="tests.NavigationTest" time="34.569" errors="0" timestamp="2026-06-27T15:05:04 IST" skipped="0">
  <testcase classname="tests.NavigationTest" name="openHomePage" time="5.307"/>
  <testcase classname="tests.NavigationTest" name="verifyPageTitle" time="4.018"/>
  <testcase classname="tests.NavigationTest" name="verifyCurrentUrl" time="4.020"/>
  <testcase classname="tests.NavigationTest" name="navigateToLoginPage" time="4.802"/>
  <testcase classname="tests.NavigationTest" name="navigateToRegisterPage" time="6.156"/>
  <testcase classname="tests.NavigationTest" name="navigateBackAndForward" time="10.266"/>
</testsuite> <!-- tests.NavigationTest -->
