<?xml version="1.0" encoding="UTF-8"?>
<!-- Generated by org.testng.reporters.JUnitReportReporter -->
<testsuite hostname="LAPTOP-B2HRNTV6" failures="0" tests="4" name="tests.ProductSearchFilterTest" time="48.415" errors="0" timestamp="2026-06-27T16:49:36 IST" skipped="0">
  <testcase classname="tests.ProductSearchFilterTest" name="validateAdminCanFilterProductsThroughCategoryAfterLogin" time="11.490"/>
  <testcase classname="tests.ProductSearchFilterTest" name="validateUserCanFilterProductsThroughCategoryAfterLogin" time="11.651"/>
  <testcase classname="tests.ProductSearchFilterTest" name="validateAdminCanFindProductThroughNameAfterLogin" time="11.238"/>
  <testcase classname="tests.ProductSearchFilterTest" name="validateUserCanFindProductThroughNameAfterLogin" time="14.036"/>
</testsuite> <!-- tests.ProductSearchFilterTest -->
