<?xml version="1.0" encoding="UTF-8"?>
<!-- Generated by org.testng.reporters.JUnitReportReporter -->
<testsuite hostname="LAPTOP-B2HRNTV6" failures="0" tests="5" name="tests.ProductListingTest" time="62.128" errors="0" timestamp="2026-06-27T16:49:36 IST" skipped="0">
  <testcase classname="tests.ProductListingTest" name="validateAdminCanViewProductListing" time="13.892"/>
  <testcase classname="tests.ProductListingTest" name="validateUserCanOpenProductsCatalogAnchor" time="11.353"/>
  <testcase classname="tests.ProductListingTest" name="validateUserCanViewProductListing" time="12.594"/>
  <testcase classname="tests.ProductListingTest" name="validateUserCanOpenProductCardFromListing" time="13.234"/>
  <testcase classname="tests.ProductListingTest" name="validateUserCanOpenProductsCategoryAnchor" time="11.055"/>
</testsuite> <!-- tests.ProductListingTest -->
