<?xml version="1.0" encoding="UTF-8"?>
<!-- Generated by org.testng.reporters.JUnitReportReporter -->
<testsuite hostname="LAPTOP-B2HRNTV6" failures="0" tests="6" name="tests.NavigationTest" time="31.219" errors="0" timestamp="2026-06-07T18:14:39 IST" skipped="0">
  <testcase classname="tests.NavigationTest" name="navigateBackAndForward" time="6.345"/>
  <testcase classname="tests.NavigationTest" name="openHomePage" time="4.271"/>
  <testcase classname="tests.NavigationTest" name="verifyCurrentUrl" time="7.677"/>
  <testcase classname="tests.NavigationTest" name="navigateToRegisterPage" time="5.085"/>
  <testcase classname="tests.NavigationTest" name="navigateToLoginPage" time="4.429"/>
  <testcase classname="tests.NavigationTest" name="verifyPageTitle" time="3.412"/>
</testsuite> <!-- tests.NavigationTest -->
