<?xml version="1.0" encoding="UTF-8"?>
<!-- Generated by org.testng.reporters.JUnitReportReporter -->
<testsuite hostname="LAPTOP-B2HRNTV6" failures="0" tests="4" name="tests.LoginTest" time="47.262" errors="0" timestamp="2026-06-07T18:14:39 IST" skipped="0">
  <testcase classname="tests.LoginTest" name="loginWithValidCredentials" time="24.545"/>
  <testcase classname="tests.LoginTest" name="automateLogoutFlow" time="9.495"/>
  <testcase classname="tests.LoginTest" name="loginWithInvalidCredentials" time="6.658"/>
  <testcase classname="tests.LoginTest" name="validateLoginErrorMessages" time="6.564"/>
</testsuite> <!-- tests.LoginTest -->
