<?xml version="1.0" encoding="UTF-8"?>
<!-- Generated by org.testng.reporters.JUnitReportReporter -->
<testsuite hostname="LAPTOP-B2HRNTV6" failures="0" tests="3" name="tests.SessionHandlingTest" time="36.912" errors="0" timestamp="2026-06-27T16:49:36 IST" skipped="0">
  <testcase classname="tests.SessionHandlingTest" name="validateSessionClearedAfterLogout" time="19.366"/>
  <testcase classname="tests.SessionHandlingTest" name="validateSessionCreatedAfterLogin" time="10.635"/>
  <testcase classname="tests.SessionHandlingTest" name="validateProtectedRouteRedirectsWhenSessionMissing" time="6.911"/>
</testsuite> <!-- tests.SessionHandlingTest -->
