<?xml version="1.0" encoding="UTF-8"?>
<!-- Generated by org.testng.reporters.JUnitReportReporter -->
<testsuite hostname="LAPTOP-B2HRNTV6" failures="0" tests="4" name="tests.ProductSearchFilterTest" time="60.403" errors="0" timestamp="2026-06-12T18:47:48 IST" skipped="0">
  <testcase classname="tests.ProductSearchFilterTest" name="validateAdminCanFilterProductsThroughCategoryAfterLogin" time="19.621"/>
  <testcase classname="tests.ProductSearchFilterTest" name="validateAdminCanFindProductThroughNameAfterLogin" time="13.674"/>
  <testcase classname="tests.ProductSearchFilterTest" name="validateUserCanFilterProductsThroughCategoryAfterLogin" time="13.291"/>
  <testcase classname="tests.ProductSearchFilterTest" name="validateUserCanFindProductThroughNameAfterLogin" time="13.817"/>
</testsuite> <!-- tests.ProductSearchFilterTest -->
