<?xml version="1.0" encoding="UTF-8"?>
<!-- Generated by org.testng.reporters.JUnitReportReporter -->
<testsuite hostname="LAPTOP-B2HRNTV6" failures="0" tests="3" name="tests.ProductListingTest" time="39.091" errors="0" timestamp="2026-06-12T18:47:48 IST" skipped="0">
  <testcase classname="tests.ProductListingTest" name="validateUserCanOpenProductCardFromListing" time="13.285"/>
  <testcase classname="tests.ProductListingTest" name="validateAdminCanViewProductListing" time="12.979"/>
  <testcase classname="tests.ProductListingTest" name="validateUserCanViewProductListing" time="12.827"/>
</testsuite> <!-- tests.ProductListingTest -->
