<?xml version="1.0" encoding="UTF-8"?>
<!-- Generated by org.testng.reporters.JUnitReportReporter -->
<testsuite hostname="LAPTOP-B2HRNTV6" failures="0" tests="3" name="tests.CheckoutTest" time="81.483" errors="0" timestamp="2026-06-27T15:05:04 IST" skipped="0">
  <testcase classname="tests.CheckoutTest" name="validateCheckoutShowsMandatoryFieldErrors" time="18.941"/>
  <testcase classname="tests.CheckoutTest" name="validateCheckoutRejectsInvalidPhoneNumber" time="27.098"/>
  <testcase classname="tests.CheckoutTest" name="validateCheckoutInitiationWithSuccessfulPaymentFlow" time="35.444"/>
</testsuite> <!-- tests.CheckoutTest -->
