<?xml version="1.0" encoding="UTF-8"?>
<!-- Generated by org.testng.reporters.JUnitReportReporter -->
<testsuite hostname="LAPTOP-B2HRNTV6" failures="0" tests="4" name="tests.LoginTest" time="45.834" errors="0" timestamp="2026-06-27T15:05:04 IST" skipped="0">
  <testcase classname="tests.LoginTest" name="validateLoginErrorMessages" time="6.332"/>
  <testcase classname="tests.LoginTest" name="automateLogoutFlow" time="16.824"/>
  <testcase classname="tests.LoginTest" name="loginWithInvalidCredentials" time="11.885"/>
  <testcase classname="tests.LoginTest" name="loginWithValidCredentials" time="10.793"/>
</testsuite> <!-- tests.LoginTest -->
