<?xml version="1.0" encoding="UTF-8"?>
<!-- Generated by org.testng.reporters.JUnitReportReporter -->
<testsuite hostname="LAPTOP-B2HRNTV6" failures="0" tests="3" name="tests.CheckoutTest" time="82.549" errors="0" timestamp="2026-06-27T16:49:36 IST" skipped="0">
  <testcase classname="tests.CheckoutTest" name="validateCheckoutInitiationWithSuccessfulPaymentFlow" time="32.534"/>
  <testcase classname="tests.CheckoutTest" name="validateCheckoutRejectsInvalidPhoneNumber" time="25.460"/>
  <testcase classname="tests.CheckoutTest" name="validateCheckoutShowsMandatoryFieldErrors" time="24.555"/>
</testsuite> <!-- tests.CheckoutTest -->
