<?xml version="1.0" encoding="UTF-8"?>
<!-- Generated by org.testng.reporters.JUnitReportReporter -->
<testsuite hostname="LAPTOP-B2HRNTV6" failures="0" tests="3" name="tests.SessionHandlingTest" time="26.199" errors="0" timestamp="2026-06-12T18:47:48 IST" skipped="0">
  <testcase classname="tests.SessionHandlingTest" name="validateProtectedRouteRedirectsWhenSessionMissing" time="3.916"/>
  <testcase classname="tests.SessionHandlingTest" name="validateSessionCreatedAfterLogin" time="7.182"/>
  <testcase classname="tests.SessionHandlingTest" name="validateSessionClearedAfterLogout" time="15.101"/>
</testsuite> <!-- tests.SessionHandlingTest -->
