<?xml version="1.0" encoding="UTF-8"?>
<!-- Generated by org.testng.reporters.JUnitReportReporter -->
<testsuite hostname="LAPTOP-B2HRNTV6" failures="0" tests="2" name="tests.AddToCartTest" time="58.069" errors="0" timestamp="2026-06-27T16:49:36 IST" skipped="0">
  <testcase classname="tests.AddToCartTest" name="validateUserCanAddProductToCartAndIncreaseQuantityToTwo" time="27.450"/>
  <testcase classname="tests.AddToCartTest" name="validateUserCanRemoveAnAddedProductFromCart" time="30.619"/>
</testsuite> <!-- tests.AddToCartTest -->
