<?xml version="1.0" encoding="UTF-8"?>
<!-- Generated by org.testng.reporters.JUnitReportReporter -->
<testsuite hostname="LAPTOP-B2HRNTV6" failures="0" tests="2" name="tests.AddToCartTest" time="50.066" errors="0" timestamp="2026-06-27T15:05:04 IST" skipped="0">
  <testcase classname="tests.AddToCartTest" name="validateUserCanRemoveAnAddedProductFromCart" time="27.833"/>
  <testcase classname="tests.AddToCartTest" name="validateUserCanAddProductToCartAndIncreaseQuantityToTwo" time="22.233"/>
</testsuite> <!-- tests.AddToCartTest -->
