<?xml version="1.0" encoding="UTF-8"?>
<!-- Generated by org.testng.reporters.JUnitReportReporter -->
<testsuite hostname="LAPTOP-B2HRNTV6" failures="0" tests="6" name="tests.RegisterTest" time="60.310" errors="0" timestamp="2026-06-07T18:14:39 IST" skipped="0">
  <testcase classname="tests.RegisterTest" name="validateConfirmPasswordMismatch" time="11.960"/>
  <testcase classname="tests.RegisterTest" name="automateUserRegistrationFlow" time="22.757"/>
  <testcase classname="tests.RegisterTest" name="validateEmptyPassword" time="6.465"/>
  <testcase classname="tests.RegisterTest" name="validateEmptyEmail" time="6.226"/>
  <testcase classname="tests.RegisterTest" name="validateInvalidEmail" time="6.620"/>
  <testcase classname="tests.RegisterTest" name="validateEmptyName" time="6.282"/>
</testsuite> <!-- tests.RegisterTest -->
