<?xml version="1.0" encoding="UTF-8"?>
<!-- Generated by org.testng.reporters.JUnitReportReporter -->
<testsuite hostname="LAPTOP-B2HRNTV6" failures="0" tests="6" name="tests.RegisterTest" time="73.814" errors="0" timestamp="2026-06-12T18:47:48 IST" skipped="0">
  <testcase classname="tests.RegisterTest" name="validateEmptyName" time="8.163"/>
  <testcase classname="tests.RegisterTest" name="validateInvalidEmail" time="9.153"/>
  <testcase classname="tests.RegisterTest" name="automateUserRegistrationFlow" time="32.209"/>
  <testcase classname="tests.RegisterTest" name="validateEmptyPassword" time="8.264"/>
  <testcase classname="tests.RegisterTest" name="validateEmptyEmail" time="7.818"/>
  <testcase classname="tests.RegisterTest" name="validateConfirmPasswordMismatch" time="8.207"/>
</testsuite> <!-- tests.RegisterTest -->
