<?xml version="1.0" encoding="UTF-8"?>
<!-- Generated by org.testng.reporters.JUnitXMLReporter -->
<testsuite ignored="0" hostname="LAPTOP-B2HRNTV6" failures="0" tests="3" name="Surefire test" time="104.475" errors="0" timestamp="2026-06-10T18:21:18 IST">
  <testcase classname="tests.ProductListingTest" name="validateAdminCanViewProductListing" time="16.255"/>
  <testcase classname="tests.ProductListingTest" name="validateUserCanOpenProductCardFromListing" time="13.938"/>
  <testcase classname="tests.ProductListingTest" name="validateUserCanViewProductListing" time="12.027"/>
</testsuite> <!-- Surefire test -->
