<?xml version="1.0" encoding="UTF-8"?>
<!-- Generated by org.testng.reporters.JUnitXMLReporter -->
<testsuite ignored="0" hostname="LAPTOP-B2HRNTV6" failures="0" tests="3" name="Surefire test" time="92.051" errors="0" timestamp="2026-06-25T22:36:10 IST">
  <testcase classname="tests.CheckoutTest" name="validateCheckoutInitiationWithSuccessfulPaymentFlow" time="33.638"/>
  <testcase classname="tests.CheckoutTest" name="validateCheckoutRejectsInvalidPhoneNumber" time="26.757"/>
  <testcase classname="tests.CheckoutTest" name="validateCheckoutShowsMandatoryFieldErrors" time="18.17"/>
</testsuite> <!-- Surefire test -->
