<?xml version="1.0" encoding="UTF-8"?>
<testng-results ignored="0" total="1" passed="1" failed="0" skipped="0">
  <reporter-output>
  </reporter-output>
  <suite started-at="2026-06-17T18:07:47 IST" name="Surefire suite" finished-at="2026-06-17T18:08:49 IST" duration-ms="62323">
    <groups>
    </groups>
    <test started-at="2026-06-17T18:07:47 IST" name="Surefire test" finished-at="2026-06-17T18:08:49 IST" duration-ms="62323">
      <class name="tests.AddToCartTest">
        <test-method is-config="true" signature="setUp()[pri:0, instance:tests.AddToCartTest@47542153]" started-at="2026-06-17T18:07:47 IST" name="setUp" finished-at="2026-06-17T18:07:56 IST" duration-ms="8965" status="PASS">
          <reporter-output>
          </reporter-output>
        </test-method> <!-- setUp -->
        <test-method signature="validateUserCanAddProductToCartAndIncreaseQuantityToTwo()[pri:0, instance:tests.AddToCartTest@47542153]" started-at="2026-06-17T18:07:56 IST" name="validateUserCanAddProductToCartAndIncreaseQuantityToTwo" finished-at="2026-06-17T18:08:47 IST" duration-ms="51113" status="PASS">
          <reporter-output>
          </reporter-output>
        </test-method> <!-- validateUserCanAddProductToCartAndIncreaseQuantityToTwo -->
        <test-method is-config="true" signature="tearDown()[pri:0, instance:tests.AddToCartTest@47542153]" started-at="2026-06-17T18:08:47 IST" name="tearDown" finished-at="2026-06-17T18:08:49 IST" duration-ms="2109" status="PASS">
          <reporter-output>
          </reporter-output>
        </test-method> <!-- tearDown -->
      </class> <!-- tests.AddToCartTest -->
    </test> <!-- Surefire test -->
  </suite> <!-- Surefire suite -->
</testng-results>
