<?xml version="1.0" encoding="UTF-8"?>
<testng-results ignored="0" total="3" passed="3" failed="0" skipped="0">
  <reporter-output>
  </reporter-output>
  <suite started-at="2026-06-25T22:34:38 IST" name="Surefire suite" finished-at="2026-06-25T22:36:10 IST" duration-ms="92051">
    <groups>
    </groups>
    <test started-at="2026-06-25T22:34:38 IST" name="Surefire test" finished-at="2026-06-25T22:36:10 IST" duration-ms="92051">
      <class name="tests.CheckoutTest">
        <test-method is-config="true" signature="setUp()[pri:0, instance:tests.CheckoutTest@7a4ccb53]" started-at="2026-06-25T22:34:39 IST" name="setUp" finished-at="2026-06-25T22:34:46 IST" duration-ms="7777" status="PASS">
          <reporter-output>
          </reporter-output>
        </test-method> <!-- setUp -->
        <test-method signature="validateCheckoutInitiationWithSuccessfulPaymentFlow()[pri:0, instance:tests.CheckoutTest@7a4ccb53]" started-at="2026-06-25T22:34:46 IST" name="validateCheckoutInitiationWithSuccessfulPaymentFlow" finished-at="2026-06-25T22:35:20 IST" duration-ms="33638" status="PASS">
          <reporter-output>
          </reporter-output>
        </test-method> <!-- validateCheckoutInitiationWithSuccessfulPaymentFlow -->
        <test-method is-config="true" signature="tearDown()[pri:0, instance:tests.CheckoutTest@7a4ccb53]" started-at="2026-06-25T22:35:20 IST" name="tearDown" finished-at="2026-06-25T22:35:21 IST" duration-ms="801" status="PASS">
          <reporter-output>
          </reporter-output>
        </test-method> <!-- tearDown -->
        <test-method is-config="true" signature="setUp()[pri:0, instance:tests.CheckoutTest@7a4ccb53]" started-at="2026-06-25T22:35:21 IST" name="setUp" finished-at="2026-06-25T22:35:22 IST" duration-ms="1612" status="PASS">
          <reporter-output>
          </reporter-output>
        </test-method> <!-- setUp -->
        <test-method signature="validateCheckoutRejectsInvalidPhoneNumber()[pri:0, instance:tests.CheckoutTest@7a4ccb53]" started-at="2026-06-25T22:35:22 IST" name="validateCheckoutRejectsInvalidPhoneNumber" finished-at="2026-06-25T22:35:49 IST" duration-ms="26757" status="PASS">
          <reporter-output>
          </reporter-output>
        </test-method> <!-- validateCheckoutRejectsInvalidPhoneNumber -->
        <test-method is-config="true" signature="tearDown()[pri:0, instance:tests.CheckoutTest@7a4ccb53]" started-at="2026-06-25T22:35:49 IST" name="tearDown" finished-at="2026-06-25T22:35:50 IST" duration-ms="645" status="PASS">
          <reporter-output>
          </reporter-output>
        </test-method> <!-- tearDown -->
        <test-method is-config="true" signature="setUp()[pri:0, instance:tests.CheckoutTest@7a4ccb53]" started-at="2026-06-25T22:35:50 IST" name="setUp" finished-at="2026-06-25T22:35:52 IST" duration-ms="1810" status="PASS">
          <reporter-output>
          </reporter-output>
        </test-method> <!-- setUp -->
        <test-method signature="validateCheckoutShowsMandatoryFieldErrors()[pri:0, instance:tests.CheckoutTest@7a4ccb53]" started-at="2026-06-25T22:35:52 IST" name="validateCheckoutShowsMandatoryFieldErrors" finished-at="2026-06-25T22:36:10 IST" duration-ms="18170" status="PASS">
          <reporter-output>
          </reporter-output>
        </test-method> <!-- validateCheckoutShowsMandatoryFieldErrors -->
        <test-method is-config="true" signature="tearDown()[pri:0, instance:tests.CheckoutTest@7a4ccb53]" started-at="2026-06-25T22:36:10 IST" name="tearDown" finished-at="2026-06-25T22:36:10 IST" duration-ms="680" status="PASS">
          <reporter-output>
          </reporter-output>
        </test-method> <!-- tearDown -->
      </class> <!-- tests.CheckoutTest -->
    </test> <!-- Surefire test -->
  </suite> <!-- Surefire suite -->
</testng-results>
